\BOOKMARK [1][-]{section.1}{Abstract}{}% 1
\BOOKMARK [1][-]{section.2}{Introduction}{}% 2
\BOOKMARK [1][-]{section.3}{Design}{}% 3
\BOOKMARK [2][-]{subsection.3.1}{Algorithm}{section.3}% 4
\BOOKMARK [3][-]{subsubsection.3.1.1}{Input and output}{subsection.3.1}% 5
\BOOKMARK [3][-]{subsubsection.3.1.2}{Control flow}{subsection.3.1}% 6
\BOOKMARK [3][-]{subsubsection.3.1.3}{Implementation}{subsection.3.1}% 7
\BOOKMARK [2][-]{subsection.3.2}{Fitness}{section.3}% 8
\BOOKMARK [3][-]{subsubsection.3.2.1}{Distance function}{subsection.3.2}% 9
\BOOKMARK [3][-]{subsubsection.3.2.2}{Diversity}{subsection.3.2}% 10
\BOOKMARK [3][-]{subsubsection.3.2.3}{Predictive behavior}{subsection.3.2}% 11
\BOOKMARK [3][-]{subsubsection.3.2.4}{Convergence limit}{subsection.3.2}% 12
\BOOKMARK [2][-]{subsection.3.3}{Initialization}{section.3}% 13
\BOOKMARK [3][-]{subsubsection.3.3.1}{Invalid expressions}{subsection.3.3}% 14
\BOOKMARK [2][-]{subsection.3.4}{Evaluation and cost}{section.3}% 15
\BOOKMARK [2][-]{subsection.3.5}{Evolution}{section.3}% 16
\BOOKMARK [3][-]{subsubsection.3.5.1}{Mutation}{subsection.3.5}% 17
\BOOKMARK [3][-]{subsubsection.3.5.2}{Crossover}{subsection.3.5}% 18
\BOOKMARK [2][-]{subsection.3.6}{Selection}{section.3}% 19
\BOOKMARK [2][-]{subsection.3.7}{Archiving}{section.3}% 20
\BOOKMARK [2][-]{subsection.3.8}{Representation and data structures}{section.3}% 21
\BOOKMARK [3][-]{subsubsection.3.8.1}{Expression}{subsection.3.8}% 22
\BOOKMARK [3][-]{subsubsection.3.8.2}{Population}{subsection.3.8}% 23
\BOOKMARK [2][-]{subsection.3.9}{Parameters}{section.3}% 24
\BOOKMARK [3][-]{subsubsection.3.9.1}{Depth}{subsection.3.9}% 25
\BOOKMARK [3][-]{subsubsection.3.9.2}{Populationsize}{subsection.3.9}% 26
\BOOKMARK [3][-]{subsubsection.3.9.3}{Phases and generations}{subsection.3.9}% 27
\BOOKMARK [3][-]{subsubsection.3.9.4}{Samples}{subsection.3.9}% 28
\BOOKMARK [3][-]{subsubsection.3.9.5}{Domain}{subsection.3.9}% 29
\BOOKMARK [2][-]{subsection.3.10}{Incremental support}{section.3}% 30
\BOOKMARK [2][-]{subsection.3.11}{Statistics and visualization}{section.3}% 31
\BOOKMARK [2][-]{subsection.3.12}{Conclusion}{section.3}% 32
\BOOKMARK [1][-]{section.4}{Experiments}{}% 33
\BOOKMARK [1][-]{section.5}{Related Work}{}% 34
\BOOKMARK [1][-]{section.6}{Conclusion}{}% 35
\BOOKMARK [1][-]{section.7}{Future work}{}% 36
